2013-06-04 17:29:49,191 ERROR    http://xml.zeit.de/2001/40/200140_kolumne.1.xml Could not get date_first_released.
2013-06-04 17:29:49,364 ERROR    http://xml.zeit.de/2001/40/geniessen.xml Could not get date_first_released.
2013-06-04 17:29:49,680 ERROR    http://xml.zeit.de/2001/40/200140_markt.xml Could not get date_first_released.
2013-06-04 17:29:49,823 ERROR    http://xml.zeit.de/2001/40/200140_suzouh_river.xml Could not get date_first_released.
2013-06-04 17:29:49,897 ERROR    http://xml.zeit.de/2001/40/200140_kasten_geldwaesc.xml Could not get date_first_released.
2013-06-04 17:29:49,973 ERROR    http://xml.zeit.de/2001/40/200140_lebenshilfe_ethi.xml Could not get date_first_released.
2013-06-04 17:29:50,042 ERROR    http://xml.zeit.de/2001/40/200140_glosse___dienstr.xml Could not get date_first_released.
2013-06-04 17:29:50,148 ERROR    http://xml.zeit.de/2001/40/dummy_mediaauschancen.xml Could not get date_first_released.
2013-06-04 17:29:50,219 ERROR    http://xml.zeit.de/2001/40/200140_geheimdienste.xml Could not get date_first_released.
2013-06-04 17:29:50,603 ERROR    http://xml.zeit.de/2001/40/200140_finis.xml Could not get date_first_released.
2013-06-04 17:29:50,672 ERROR    http://xml.zeit.de/2001/40/200140_glosse.xml Could not get date_first_released.
2013-06-04 17:29:50,827 ERROR    http://xml.zeit.de/2001/40/200140_rot_gr.koalition.xml Could not get date_first_released.
2013-06-04 17:29:50,916 ERROR    http://xml.zeit.de/2001/40/200140_st._petersburg.xml Could not get date_first_released.
2013-06-04 17:29:51,153 ERROR    http://xml.zeit.de/2001/40/200140_domrep.3.xml Could not get date_first_released.
2013-06-04 17:29:51,418 ERROR    http://xml.zeit.de/2001/40/200140_berlusconi.xml Could not get date_first_released.
2013-06-04 17:29:51,484 ERROR    http://xml.zeit.de/2001/40/200140_sport_aufmacher.xml Could not get date_first_released.
2013-06-04 17:29:51,570 ERROR    http://xml.zeit.de/2001/40/200140_islam.wirtschaft.xml Could not get date_first_released.
2013-06-04 17:29:51,693 ERROR    http://xml.zeit.de/2001/40/dummyjobletter40.xml Could not get date_first_released.
2013-06-04 17:29:52,054 ERROR    http://xml.zeit.de/2001/40/200140_unterwasserarcha.xml Could not get date_first_released.
2013-06-04 17:29:52,274 ERROR    http://xml.zeit.de/2001/40/200140_russ.general.xml Could not get date_first_released.
2013-06-04 17:29:52,360 ERROR    http://xml.zeit.de/2001/40/200140_wellness.xml Could not get date_first_released.
2013-06-04 17:29:52,505 ERROR    http://xml.zeit.de/2001/40/200140_israel.xml Could not get date_first_released.
2013-06-04 17:29:52,674 ERROR    http://xml.zeit.de/2001/40/200140_hamburg-wahl.xml Could not get date_first_released.
2013-06-04 17:29:52,820 ERROR    http://xml.zeit.de/2001/40/200140_kolumne.2.xml Could not get date_first_released.
2013-06-04 17:29:52,984 ERROR    http://xml.zeit.de/2001/40/200140_titel_kinder.xml Could not get date_first_released.
2013-06-04 17:29:53,123 ERROR    http://xml.zeit.de/2001/40/200140_isi.xml Could not get date_first_released.
2013-06-04 17:29:53,384 ERROR    http://xml.zeit.de/2001/40/200140_global_brain.xml Could not get date_first_released.
2013-06-04 17:29:53,478 ERROR    http://xml.zeit.de/2001/40/200140_bondy.xml Could not get date_first_released.
2013-06-04 17:29:53,580 ERROR    http://xml.zeit.de/2001/40/2001_40_erpenbeck.xml Could not get date_first_released.
2013-06-04 17:29:53,938 ERROR    http://xml.zeit.de/2001/40/200140_nahost.xml Could not get date_first_released.
2013-06-04 17:29:54,014 ERROR    http://xml.zeit.de/2001/40/200140_auto_kolumne.xml Could not get date_first_released.
2013-06-04 17:29:54,149 ERROR    http://xml.zeit.de/2001/40/200140_ryder_cup.xml Could not get date_first_released.
2013-06-04 17:29:54,246 ERROR    http://xml.zeit.de/2001/40/200140_subvent.fluglini.xml Could not get date_first_released.
2013-06-04 17:29:54,597 ERROR    http://xml.zeit.de/2001/40/200140_bergell.neu.xml Could not get date_first_released.
2013-06-04 17:29:54,671 ERROR    http://xml.zeit.de/2001/40/200140_mythos.xml Could not get date_first_released.
2013-06-04 17:29:54,829 ERROR    http://xml.zeit.de/2001/40/200140_wien_2.xml Could not get date_first_released.
2013-06-04 17:29:54,893 ERROR    http://xml.zeit.de/2001/40/200140_st-identitaet.xml Could not get date_first_released.
2013-06-04 17:29:55,005 ERROR    http://xml.zeit.de/2001/40/200140_kolumne.xml Could not get date_first_released.
2013-06-04 17:29:55,078 ERROR    http://xml.zeit.de/2001/40/200140_lebenshilfe_tita.xml Could not get date_first_released.
2013-06-04 17:29:55,167 ERROR    http://xml.zeit.de/2001/40/200140_st-eagleton.xml Could not get date_first_released.
2013-06-04 17:29:55,544 ERROR    http://xml.zeit.de/2001/40/200140_terrorismus.xml Could not get date_first_released.
2013-06-04 17:29:55,906 ERROR    http://xml.zeit.de/2001/40/200140_interview_wallin.xml Could not get date_first_released.
2013-06-04 17:29:56,039 ERROR    http://xml.zeit.de/2001/40/200140_s_38_zitate_stoc.xml Could not get date_first_released.
2013-06-04 17:29:56,335 ERROR    http://xml.zeit.de/2001/40/200140_kapitalmarkt.xml Could not get date_first_released.
2013-06-04 17:29:56,460 ERROR    http://xml.zeit.de/2001/40/zeit5040.xml Could not get date_first_released.
2013-06-04 17:29:56,724 ERROR    http://xml.zeit.de/2001/40/200109_dlfcuk_0926.xml Could not get date_first_released.
2013-06-04 17:29:57,156 ERROR    http://xml.zeit.de/2001/40/200140_def.krieg.xml Could not get date_first_released.
2013-06-04 17:29:57,253 ERROR    http://xml.zeit.de/2001/40/200140_medien_beckmann.xml Could not get date_first_released.
2013-06-04 17:29:57,298 ERROR    http://xml.zeit.de/2001/40/200140_siebeck_benimm.xml Could not get date_first_released.
2013-06-04 17:29:57,366 ERROR    http://xml.zeit.de/2001/40/200140_polen.xml Could not get date_first_released.
2013-06-04 17:29:57,557 ERROR    http://xml.zeit.de/2001/40/200140_sas.xml Could not get date_first_released.
2013-06-04 17:29:57,688 ERROR    http://xml.zeit.de/2001/40/200140_argument.xml Could not get date_first_released.
2013-06-04 17:29:57,744 ERROR    http://xml.zeit.de/2001/40/dummy_frido.xml Could not get date_first_released.
2013-06-04 17:29:57,930 ERROR    http://xml.zeit.de/2001/40/200140_siebeck_kolumne.xml Could not get date_first_released.
2013-06-04 17:29:57,978 ERROR    http://xml.zeit.de/2001/40/200140_bu_hawelka.xml Could not get date_first_released.
2013-06-04 17:29:58,129 ERROR    http://xml.zeit.de/2001/40/ladurner_pakistan2.xml Could not get date_first_released.
2013-06-04 17:29:58,364 ERROR    http://xml.zeit.de/2001/40/ladurner_pakistan1.xml Could not get date_first_released.
2013-06-04 17:29:58,939 ERROR    http://xml.zeit.de/2001/40/200140_buch_lesezeichen.xml Could not get date_first_released.
2013-06-04 17:29:59,012 ERROR    http://xml.zeit.de/2001/40/jl01.xml Could not get date_first_released.
2013-06-04 17:29:59,148 ERROR    http://xml.zeit.de/2001/40/200140_c-internetschule.xml Could not get date_first_released.
2013-06-04 17:29:59,216 ERROR    http://xml.zeit.de/2001/40/200140_hawks.neu.xml Could not get date_first_released.
2013-06-04 17:29:59,408 ERROR    http://xml.zeit.de/2001/40/200140_l-jelloun.xml Could not get date_first_released.
2013-06-04 17:29:59,793 ERROR    http://xml.zeit.de/2001/40/200140_zentralasien.xml Could not get date_first_released.
2013-06-04 17:30:00,407 ERROR    http://xml.zeit.de/2001/40/jl03.xml Could not get date_first_released.
2013-06-04 17:30:00,498 ERROR    http://xml.zeit.de/2001/40/200140_fischerinny.xml Could not get date_first_released.
2013-06-04 17:30:00,763 ERROR    http://xml.zeit.de/2001/40/200140_langs._leben.xml Could not get date_first_released.
2013-06-04 17:30:00,836 ERROR    http://xml.zeit.de/2001/40/200140_stockhausen.xml Could not get date_first_released.
2013-06-04 17:30:01,102 ERROR    http://xml.zeit.de/2001/40/200140_makeshift-office.xml Could not get date_first_released.
2013-06-04 17:30:01,396 ERROR    http://xml.zeit.de/2001/40/200140_p-binladen.xml Could not get date_first_released.
2013-06-04 17:30:01,469 ERROR    http://xml.zeit.de/2001/40/200140_interview_ruymbe.xml Could not get date_first_released.
2013-06-04 17:30:01,672 ERROR    http://xml.zeit.de/2001/40/200140_forumwissenschaften.xml Could not get date_first_released.
2013-06-04 17:30:01,793 ERROR    http://xml.zeit.de/2001/40/jl02.xml Could not get date_first_released.
2013-06-04 17:30:02,032 ERROR    http://xml.zeit.de/2001/40/200140_traum_smith.xml Could not get date_first_released.
2013-06-04 17:30:02,121 ERROR    http://xml.zeit.de/2001/40/200140_lebensvers._kris.xml Could not get date_first_released.
2013-06-04 17:30:02,188 ERROR    http://xml.zeit.de/2001/40/200140_sicherheit.xml Could not get date_first_released.
2013-06-04 17:30:02,281 ERROR    http://xml.zeit.de/2001/40/200140_aufm._physikproj.xml Could not get date_first_released.
2013-06-04 17:30:02,367 ERROR    http://xml.zeit.de/2001/40/200140_50_j._bvg.xml Could not get date_first_released.
2013-06-04 17:30:02,642 ERROR    http://xml.zeit.de/2001/40/200140_pressemeldungsdummy.xml Could not get date_first_released.
2013-06-04 17:30:02,976 ERROR    http://xml.zeit.de/2001/40/200140_aktuelle_biblio..xml Could not get date_first_released.
2013-06-04 17:30:03,162 ERROR    http://xml.zeit.de/2001/40/200140_schmidt-rede.xml Could not get date_first_released.
2013-06-04 17:30:03,241 ERROR    http://xml.zeit.de/2001/40/200140_fuer_anleger.xml Could not get date_first_released.
2013-06-04 17:30:03,290 ERROR    http://xml.zeit.de/2001/40/200140_sport_ottos_aufg.xml Could not get date_first_released.
2013-06-04 17:30:03,416 ERROR    http://xml.zeit.de/2001/40/200140_islam.xml Could not get date_first_released.
2013-06-04 17:30:03,481 ERROR    http://xml.zeit.de/2001/40/200140_s_52_bestseller.xml Could not get date_first_released.
2013-06-04 17:30:03,716 ERROR    http://xml.zeit.de/2001/40/200140_magnet_toulouse.xml Could not get date_first_released.
2013-06-04 17:30:03,787 ERROR    http://xml.zeit.de/2001/40/200140_nachgefragt-psyc.xml Could not get date_first_released.
2013-06-04 17:30:03,983 ERROR    http://xml.zeit.de/2001/40/jl05.xml Could not get date_first_released.
2013-06-04 17:30:04,219 ERROR    http://xml.zeit.de/2001/40/200140_roomservice_uebe.xml Could not get date_first_released.
2013-06-04 17:30:04,308 ERROR    http://xml.zeit.de/2001/40/200140_olympia.xml Could not get date_first_released.
2013-06-04 17:30:04,493 ERROR    http://xml.zeit.de/2001/40/200140_spitze.xml Could not get date_first_released.
2013-06-04 17:30:04,586 ERROR    http://xml.zeit.de/2001/40/200140_interview_sachs.xml Could not get date_first_released.
2013-06-04 17:30:04,889 ERROR    http://xml.zeit.de/2001/40/200140_medien_sichterma.xml Could not get date_first_released.
2013-06-04 17:30:05,060 ERROR    http://xml.zeit.de/2001/40/200140_online.dierk.ruc.xml Could not get date_first_released.
2013-06-04 17:30:05,126 ERROR    http://xml.zeit.de/2001/40/200140_medien_beckmann1.xml Could not get date_first_released.
2013-06-04 17:30:05,300 ERROR    http://xml.zeit.de/2001/40/jl04.xml Could not get date_first_released.
2013-06-04 17:30:05,349 ERROR    http://xml.zeit.de/2001/40/200140_medien_leben_mit.xml Could not get date_first_released.
2013-06-04 17:30:05,465 ERROR    http://xml.zeit.de/2001/40/200140_interview_schoen.xml Could not get date_first_released.
2013-06-04 17:30:05,603 ERROR    http://xml.zeit.de/2001/40/200140_der_gebildete_kr.xml Could not get date_first_released.
2013-06-04 17:30:06,284 ERROR    http://xml.zeit.de/2001/40/200140_l-schlink.xml Could not get date_first_released.
2013-06-04 17:30:06,458 ERROR    http://xml.zeit.de/2001/40/200140_c-gerontologen.xml Could not get date_first_released.
2013-06-04 17:30:06,605 ERROR    http://xml.zeit.de/2001/40/kulturbrief_28092001.xml Could not get date_first_released.
2013-06-04 17:30:06,674 ERROR    http://xml.zeit.de/2001/40/200140_c-lj-gabriel.xml Could not get date_first_released.
2013-06-04 17:30:06,908 ERROR    http://xml.zeit.de/2001/52/200152_spielzeug.xml Could not get date_first_released.
2013-06-04 17:30:07,002 ERROR    http://xml.zeit.de/2001/52/200152_london_dining.ne.xml Could not get date_first_released.
2013-06-04 17:30:07,051 ERROR    http://xml.zeit.de/2001/52/200152_medien_leben_mit.xml Could not get date_first_released.
2013-06-04 17:30:07,268 ERROR    http://xml.zeit.de/2001/52/200152_medien_wedel.xml Could not get date_first_released.
2013-06-04 17:30:07,315 ERROR    http://xml.zeit.de/2001/52/200152_held.israel.xml Could not get date_first_released.
2013-06-04 17:30:07,401 ERROR    http://xml.zeit.de/2001/52/200152_l-digitalebiblio.xml Could not get date_first_released.
2013-06-04 17:30:07,446 ERROR    http://xml.zeit.de/2001/52/200152_helden.xml Could not get date_first_released.
2013-06-04 17:30:07,515 ERROR    http://xml.zeit.de/2001/52/200152_sport_kleinschmi.xml Could not get date_first_released.
2013-06-04 17:30:07,656 ERROR    http://xml.zeit.de/2001/52/200152_euro.xml Could not get date_first_released.
2013-06-04 17:30:07,774 ERROR    http://xml.zeit.de/2001/52/200152_held_schumm.xml Could not get date_first_released.
2013-06-04 17:30:07,995 ERROR    http://xml.zeit.de/2001/52/200152_forum-energie1.xml Could not get date_first_released.
2013-06-04 17:30:08,145 ERROR    http://xml.zeit.de/2001/52/200152_medien_sichterma.xml Could not get date_first_released.
2013-06-04 17:30:08,232 ERROR    http://xml.zeit.de/2001/52/200152_portraet_hundt.xml Could not get date_first_released.
2013-06-04 17:30:08,475 ERROR    http://xml.zeit.de/2001/52/200152_lebenimkrieg.xml Could not get date_first_released.
2013-06-04 17:30:08,758 ERROR    http://xml.zeit.de/2001/52/200152_tyrone_osullivan.xml Could not get date_first_released.
2013-06-04 17:30:08,805 ERROR    http://xml.zeit.de/2001/52/2001.52_gezaehlt.xml Could not get date_first_released.
2013-06-04 17:30:08,939 ERROR    http://xml.zeit.de/2001/52/200152_lebenshilfe_klei.xml Could not get date_first_released.
2013-06-04 17:30:09,006 ERROR    http://xml.zeit.de/2001/52/200152_tontraeger.xml Could not get date_first_released.
2013-06-04 17:30:09,082 ERROR    http://xml.zeit.de/2001/52/200152_forum-energie.xml Could not get date_first_released.
2013-06-04 17:30:09,220 ERROR    http://xml.zeit.de/2001/52/200152_schneekoppe_eren.xml Could not get date_first_released.
2013-06-04 17:30:09,291 ERROR    http://xml.zeit.de/2001/52/nickel.xml Could not get date_first_released.
2013-06-04 17:30:09,404 ERROR    http://xml.zeit.de/2001/52/200152_hilfe.xml Could not get date_first_released.
2013-06-04 17:30:10,202 ERROR    http://xml.zeit.de/2001/52/200152_afgh._frauen.xml Could not get date_first_released.
2013-06-04 17:30:10,329 ERROR    http://xml.zeit.de/2001/52/200152_interview_.anger.xml Could not get date_first_released.
2013-06-04 17:30:10,488 ERROR    http://xml.zeit.de/2001/52/200152_ulrich_beck.xml Could not get date_first_released.
2013-06-04 17:30:10,695 ERROR    http://xml.zeit.de/2001/52/200152_t-internettelefo.xml Could not get date_first_released.
2013-06-04 17:30:10,943 ERROR    http://xml.zeit.de/2001/52/200152_n-duftforscher.xml Could not get date_first_released.
2013-06-04 17:30:11,013 ERROR    http://xml.zeit.de/2001/52/200152_ny-spenden.xml Could not get date_first_released.
2013-06-04 17:30:11,102 ERROR    http://xml.zeit.de/2001/52/200152_sm-schneede.xml Could not get date_first_released.
2013-06-04 17:30:11,192 ERROR    http://xml.zeit.de/2001/52/200152_springer.xml Could not get date_first_released.
2013-06-04 17:30:11,603 ERROR    http://xml.zeit.de/2001/52/200152_held.suedafrika.xml Could not get date_first_released.
2013-06-04 17:30:11,895 ERROR    http://xml.zeit.de/2001/52/200152_gott.xml Could not get date_first_released.
2013-06-04 17:30:11,970 ERROR    http://xml.zeit.de/2001/52/zeit5052.xml Could not get date_first_released.
2013-06-04 17:30:12,037 ERROR    http://xml.zeit.de/2001/52/200152_finis.xml Could not get date_first_released.
2013-06-04 17:30:12,199 ERROR    http://xml.zeit.de/2001/52/200152_rumaenien.xml Could not get date_first_released.
2013-06-04 17:30:12,337 ERROR    http://xml.zeit.de/2001/52/200152_lebenshilfe_ethi.xml Could not get date_first_released.
2013-06-04 17:30:12,434 ERROR    http://xml.zeit.de/2001/52/200152_a-marzipan.xml Could not get date_first_released.
2013-06-04 17:30:12,550 ERROR    http://xml.zeit.de/2001/52/200152_siebeck_benimm.xml Could not get date_first_released.
2013-06-04 17:30:12,668 ERROR    http://xml.zeit.de/2001/52/200152_zeit-liste.xml Could not get date_first_released.
2013-06-04 17:30:12,810 ERROR    http://xml.zeit.de/2001/52/200152_b-pisa-kids.xml Could not get date_first_released.
2013-06-04 17:30:13,111 ERROR    http://xml.zeit.de/2001/52/200152_sport_rehhagel.xml Could not get date_first_released.
2013-06-04 17:30:13,207 ERROR    http://xml.zeit.de/2001/52/200152_argument.xml Could not get date_first_released.
2013-06-04 17:30:13,470 ERROR    http://xml.zeit.de/2001/52/200152_newyork.xml Could not get date_first_released.
2013-06-04 17:30:13,544 ERROR    http://xml.zeit.de/2001/52/200152_spitze.xml Could not get date_first_released.
2013-06-04 17:30:13,710 ERROR    http://xml.zeit.de/2001/52/200152_kirchenbau.xml Could not get date_first_released.
2013-06-04 17:30:13,848 ERROR    http://xml.zeit.de/2001/52/200152_heym.xml Could not get date_first_released.
2013-06-04 17:30:13,937 ERROR    http://xml.zeit.de/2001/52/200152_g-riesterrente.xml Could not get date_first_released.
2013-06-04 17:30:14,085 ERROR    http://xml.zeit.de/2001/52/fischermann_newyork10.xml Could not get date_first_released.
2013-06-04 17:30:14,243 ERROR    http://xml.zeit.de/2001/52/200152_markt.xml Could not get date_first_released.
2013-06-04 17:30:14,336 ERROR    http://xml.zeit.de/2001/52/200152_oberrrhein.xml Could not get date_first_released.
2013-06-04 17:30:14,697 ERROR    http://xml.zeit.de/2001/52/200152_lebenshilfe_7_ta.xml Could not get date_first_released.
2013-06-04 17:30:15,025 ERROR    http://xml.zeit.de/2001/52/200152_macht.xml Could not get date_first_released.
2013-06-04 17:30:15,673 ERROR    http://xml.zeit.de/2001/52/200110_dlfcuk_1218.xml Could not get date_first_released.
2013-06-04 17:30:15,757 ERROR    http://xml.zeit.de/2001/52/200152_ka-tabu.xml Could not get date_first_released.
2013-06-04 17:30:15,926 ERROR    http://xml.zeit.de/2001/52/200152_l-kalender.xml Could not get date_first_released.
2013-06-04 17:30:16,174 ERROR    http://xml.zeit.de/2001/52/200152_parfum.xml Could not get date_first_released.
2013-06-04 17:30:16,403 ERROR    http://xml.zeit.de/2001/52/200152_lebenshilfe_tita.xml Could not get date_first_released.
2013-06-04 17:30:16,616 ERROR    http://xml.zeit.de/2001/52/200152_kj-gans.xml Could not get date_first_released.
2013-06-04 17:30:16,779 ERROR    http://xml.zeit.de/2001/52/200152_traum___christop.xml Could not get date_first_released.
2013-06-04 17:30:16,913 ERROR    http://xml.zeit.de/2001/52/200152_titel___hefner.xml Could not get date_first_released.
2013-06-04 17:30:17,000 ERROR    http://xml.zeit.de/2001/52/200152_siebeck_kolumne.xml Could not get date_first_released.
2013-06-04 17:30:17,113 ERROR    http://xml.zeit.de/2001/52/200152_siebeck_y-class.xml Could not get date_first_released.
2013-06-04 17:30:17,287 ERROR    http://xml.zeit.de/2001/52/200152_c-med-caseport.xml Could not get date_first_released.
2013-06-04 17:30:17,355 ERROR    http://xml.zeit.de/2001/52/200152_1._leit._naumann.xml Could not get date_first_released.
2013-06-04 17:30:17,586 ERROR    http://xml.zeit.de/2001/52/200152_ka-buechertisch.xml Could not get date_first_released.
2013-06-04 17:30:17,773 ERROR    http://xml.zeit.de/2001/52/200152_medien_offline.xml Could not get date_first_released.
2013-06-04 17:30:17,897 ERROR    http://xml.zeit.de/2001/52/200152_dunant.xml Could not get date_first_released.
2013-06-04 17:30:18,074 ERROR    http://xml.zeit.de/2001/52/200152_sebald.xml Could not get date_first_released.
2013-06-04 17:30:18,385 ERROR    http://xml.zeit.de/2001/52/200152_euro-umstellung.xml Could not get date_first_released.
2013-06-04 17:30:18,472 ERROR    http://xml.zeit.de/2001/52/200152_christmas.xml Could not get date_first_released.
2013-06-04 17:30:18,764 ERROR    http://xml.zeit.de/2001/52/200152_p-lesch.xml Could not get date_first_released.
2013-06-04 17:30:18,901 ERROR    http://xml.zeit.de/2001/52/200152_g-interview.xml Could not get date_first_released.
2013-06-04 17:30:19,155 ERROR    http://xml.zeit.de/2001/52/200152_c-holland-kinder.xml Could not get date_first_released.
2013-06-04 17:30:19,309 ERROR    http://xml.zeit.de/2001/52/200152_auto_kolumne.xml Could not get date_first_released.
2013-06-04 17:30:19,556 ERROR    http://xml.zeit.de/2001/52/200152_lebenshilfe_schu.xml Could not get date_first_released.
2013-06-04 17:30:19,742 ERROR    http://xml.zeit.de/2001/52/200152_gr.gesch_steine.xml Could not get date_first_released.
2013-06-04 17:30:19,951 ERROR    http://xml.zeit.de/2001/52/200152_gay_and_kids.xml Could not get date_first_released.
2013-06-04 17:30:20,071 ERROR    http://xml.zeit.de/2001/52/dummy_programm2002.xml Could not get date_first_released.
2013-06-04 17:30:20,436 ERROR    http://xml.zeit.de/2001/52/200152_sport_koelbl.xml Could not get date_first_released.
2013-06-04 17:30:20,489 ERROR    http://xml.zeit.de/2001/52/dummy_hefner_522001.xml Could not get date_first_released.
2013-06-04 17:30:20,793 ERROR    http://xml.zeit.de/2001/10/geniessen.xml Could not get date_first_released.
2013-06-04 17:30:20,849 ERROR    http://xml.zeit.de/2001/10/link_ankuend_bse.xml Could not get date_first_released.
2013-06-04 17:30:20,919 ERROR    http://xml.zeit.de/2001/10/200110_spitze.xml Could not get date_first_released.
2013-06-04 17:30:21,159 ERROR    http://xml.zeit.de/2001/10/200110_lipeng.neu.xml Could not get date_first_released.
2013-06-04 17:30:21,510 ERROR    http://xml.zeit.de/2001/10/200110_hotel_zecha.xml Could not get date_first_released.
2013-06-04 17:30:21,722 ERROR    http://xml.zeit.de/2001/10/200110_filmgeschichte.xml Could not get date_first_released.
2013-06-04 17:30:21,933 ERROR    http://xml.zeit.de/2001/10/200110_holy_house.xml Could not get date_first_released.
2013-06-04 17:30:21,983 ERROR    http://xml.zeit.de/2001/10/200110_magnet-whisky.xml Could not get date_first_released.
2013-06-04 17:30:22,071 ERROR    http://xml.zeit.de/2001/10/200110_abbado.xml Could not get date_first_released.
2013-06-04 17:30:22,141 ERROR    http://xml.zeit.de/2001/10/200110_maul-und_klauen.xml Could not get date_first_released.
2013-06-04 17:30:22,341 ERROR    http://xml.zeit.de/2001/10/200110_berliner_arch..xml Could not get date_first_released.
2013-06-04 17:30:22,540 ERROR    http://xml.zeit.de/2001/10/200110_ka-bestseller.xml Could not get date_first_released.
2013-06-04 17:30:23,063 ERROR    http://xml.zeit.de/2001/10/200110_c-seriegeissler.xml Could not get date_first_released.
2013-06-04 17:30:23,437 ERROR    http://xml.zeit.de/2001/10/200110_fledermaus.xml Could not get date_first_released.
2013-06-04 17:30:23,529 ERROR    http://xml.zeit.de/2001/10/200110_br-interview.xml Could not get date_first_released.
2013-06-04 17:30:23,664 ERROR    http://xml.zeit.de/2001/10/200110_markt.xml Could not get date_first_released.
2013-06-04 17:30:23,789 ERROR    http://xml.zeit.de/2001/10/200110_argument.xml Could not get date_first_released.
2013-06-04 17:30:24,280 ERROR    http://xml.zeit.de/2001/10/200110_wie_find_mafa-cd.xml Could not get date_first_released.
2013-06-04 17:30:24,717 ERROR    http://xml.zeit.de/2001/10/200110_hotelbibliothek.xml Could not get date_first_released.
2013-06-04 17:30:24,865 ERROR    http://xml.zeit.de/2001/10/200110_mir-historie.xml Could not get date_first_released.
2013-06-04 17:30:24,958 ERROR    http://xml.zeit.de/2001/10/200110_wie_find_siebeck.xml Could not get date_first_released.
2013-06-04 17:30:26,193 ERROR    http://xml.zeit.de/2001/10/200110_m-chaime.xml Could not get date_first_released.
2013-06-04 17:30:26,889 ERROR    http://xml.zeit.de/2001/10/200110_hotels.billig.xml Could not get date_first_released.
2013-06-04 17:30:26,969 ERROR    http://xml.zeit.de/2001/10/200110_c-nachwuchs2.xml Could not get date_first_released.
2013-06-04 17:30:27,086 ERROR    http://xml.zeit.de/2001/10/200110_neuarbeitsmarkt.xml Could not get date_first_released.
2013-06-04 17:30:27,602 ERROR    http://xml.zeit.de/2001/10/200110_m-online.xml Could not get date_first_released.
2013-06-04 17:30:27,701 ERROR    http://xml.zeit.de/2001/10/200110_rom.hotelier.xml Could not get date_first_released.
2013-06-04 17:30:27,791 ERROR    http://xml.zeit.de/2001/10/200110_rom.xml Could not get date_first_released.
2013-06-04 17:30:28,060 ERROR    http://xml.zeit.de/2001/10/200110_m-olli.xml Could not get date_first_released.
2013-06-04 17:30:28,485 ERROR    http://xml.zeit.de/2001/10/200110_bredekamp.xml Could not get date_first_released.
2013-06-04 17:30:28,540 ERROR    http://xml.zeit.de/2001/10/teaserreisen.xml Could not get date_first_released.
2013-06-04 17:30:29,040 ERROR    http://xml.zeit.de/2001/10/200110_iran.xml Could not get date_first_released.
2013-06-04 17:30:29,107 ERROR    http://xml.zeit.de/2001/10/200110_tv_gesicht.xml Could not get date_first_released.
2013-06-04 17:30:29,262 ERROR    http://xml.zeit.de/2001/10/200110_patente.xml Could not get date_first_released.
2013-06-04 17:30:29,354 ERROR    http://xml.zeit.de/2001/10/200110_hotel_moskwa.xml Could not get date_first_released.
2013-06-04 17:30:29,447 ERROR    http://xml.zeit.de/2001/10/200110_essay.steinmeier.xml Could not get date_first_released.
2013-06-04 17:30:29,663 ERROR    http://xml.zeit.de/2001/10/200110_wie_find_aufmach.xml Could not get date_first_released.
2013-06-04 17:30:29,760 ERROR    http://xml.zeit.de/2001/10/200110_karl__lehmann_in.xml Could not get date_first_released.
2013-06-04 17:30:29,911 ERROR    http://xml.zeit.de/2001/10/200110_gen-debatte..xml Could not get date_first_released.
2013-06-04 17:30:30,192 ERROR    http://xml.zeit.de/2001/10/200110_analyse.xml Could not get date_first_released.
2013-06-04 17:30:30,375 ERROR    http://xml.zeit.de/2001/10/200110_pressemeldungsdummy.xml Could not get date_first_released.
2013-06-04 17:30:30,682 ERROR    http://xml.zeit.de/2001/10/jl01.xml Could not get date_first_released.
2013-06-04 17:30:30,752 ERROR    http://xml.zeit.de/2001/10/200110_mir-spin-offs.xml Could not get date_first_released.
2013-06-04 17:30:30,824 ERROR    http://xml.zeit.de/2001/10/200107_dlfcuk_0228.xml Could not get date_first_released.
2013-06-04 17:30:31,148 ERROR    http://xml.zeit.de/2001/10/200110_finis.xml Could not get date_first_released.
2013-06-04 17:30:31,286 ERROR    http://xml.zeit.de/2001/10/vor50_10.xml Could not get date_first_released.
2013-06-04 17:30:31,475 ERROR    http://xml.zeit.de/2001/10/jl03.xml Could not get date_first_released.
2013-06-04 17:30:31,617 ERROR    http://xml.zeit.de/2001/10/200110_mir-bilanz.xml Could not get date_first_released.
2013-06-04 17:30:31,892 ERROR    http://xml.zeit.de/2001/10/200110_aussenpolitik.xml Could not get date_first_released.
2013-06-04 17:30:32,038 ERROR    http://xml.zeit.de/2001/10/200110_erinnern_mafia.xml Could not get date_first_released.
2013-06-04 17:30:32,160 ERROR    http://xml.zeit.de/2001/10/200107_dlfcuk_0306.xml Could not get date_first_released.
2013-06-04 17:30:32,311 ERROR    http://xml.zeit.de/2001/10/200110_l-american_poets.xml Could not get date_first_released.
2013-06-04 17:30:32,509 ERROR    http://xml.zeit.de/2001/10/jl02.xml Could not get date_first_released.
2013-06-04 17:30:32,575 ERROR    http://xml.zeit.de/2001/10/200110_maulseuche.xml Could not get date_first_released.
2013-06-04 17:30:32,623 ERROR    http://xml.zeit.de/2001/10/200110_per_saldo.xml Could not get date_first_released.
2013-06-04 17:30:32,781 ERROR    http://xml.zeit.de/2001/10/200110_c-kerntechnik.xml Could not get date_first_released.
2013-06-04 17:30:32,891 ERROR    http://xml.zeit.de/2001/10/200110_glosse.xml Could not get date_first_released.
2013-06-04 17:30:32,981 ERROR    http://xml.zeit.de/2001/10/200110_med.-kolumne.xml Could not get date_first_released.
2013-06-04 17:30:33,049 ERROR    http://xml.zeit.de/2001/10/200110_kuehlschmierstof.xml Could not get date_first_released.
2013-06-04 17:30:33,301 ERROR    http://xml.zeit.de/2001/10/200110_titel_wort_der_w.xml Could not get date_first_released.
2013-06-04 17:30:33,366 ERROR    http://xml.zeit.de/2001/10/200110_popikonen.xml Could not get date_first_released.
2013-06-04 17:30:33,432 ERROR    http://xml.zeit.de/2001/10/200110_robertleicht_0305.xml Could not get date_first_released.
2013-06-04 17:30:33,516 ERROR    http://xml.zeit.de/2001/10/200110_solidus.xml Could not get date_first_released.
2013-06-04 17:30:33,691 ERROR    http://xml.zeit.de/2001/10/200110_l-urlaub.xml Could not get date_first_released.
2013-06-04 17:30:33,930 ERROR    http://xml.zeit.de/2001/10/200110_hotel_zimmermaed.xml Could not get date_first_released.
2013-06-04 17:30:34,328 ERROR    http://xml.zeit.de/2001/10/200110_castor.xml Could not get date_first_released.
2013-06-04 17:30:34,583 ERROR    http://xml.zeit.de/2001/10/jl05.xml Could not get date_first_released.
2013-06-04 17:30:35,029 ERROR    http://xml.zeit.de/2001/10/200110_robertleicht_0307.xml Could not get date_first_released.
2013-06-04 17:30:35,154 ERROR    http://xml.zeit.de/2001/10/200110_7_tage.xml Could not get date_first_released.
2013-06-04 17:30:35,399 ERROR    http://xml.zeit.de/2001/10/200110.hotel.privat.xml Could not get date_first_released.
2013-06-04 17:30:35,534 ERROR    http://xml.zeit.de/2001/10/200110_robertleicht_0302.xml Could not get date_first_released.
2013-06-04 17:30:35,602 ERROR    http://xml.zeit.de/2001/10/200110_arbeit.1.xml Could not get date_first_released.
2013-06-04 17:30:35,657 ERROR    http://xml.zeit.de/2001/10/schauprozess_original_200110.xml Could not get date_first_released.
2013-06-04 17:30:35,803 ERROR    http://xml.zeit.de/2001/10/jl04.xml Could not get date_first_released.
2013-06-04 17:30:35,892 ERROR    http://xml.zeit.de/2001/10/200110_naturschuetzer.xml Could not get date_first_released.
2013-06-04 17:30:35,985 ERROR    http://xml.zeit.de/2001/10/200110_l-enquist.xml Could not get date_first_released.
2013-06-04 17:30:36,053 ERROR    http://xml.zeit.de/2001/10/200110_oekonom.xml Could not get date_first_released.
2013-06-04 17:30:36,121 ERROR    http://xml.zeit.de/2001/10/200110_nachgefragt-hure.xml Could not get date_first_released.
2013-06-04 17:30:36,165 ERROR    http://xml.zeit.de/2001/10/litliste_autoren.xml Could not get date_first_released.
2013-06-04 17:30:36,232 ERROR    http://xml.zeit.de/2001/10/200110_robertleicht_0306.xml Could not get date_first_released.
2013-06-04 17:30:36,392 ERROR    http://xml.zeit.de/2001/10/200110_traum_mann.xml Could not get date_first_released.
2013-06-04 17:30:36,529 ERROR    http://xml.zeit.de/2001/10/200110_robertleicht_0301.xml Could not get date_first_released.
2013-06-04 17:30:36,800 ERROR    http://xml.zeit.de/2001/22/geniessen.xml Could not get date_first_released.
2013-06-04 17:30:36,888 ERROR    http://xml.zeit.de/2001/22/200122_argument.xml Could not get date_first_released.
2013-06-04 17:30:37,243 ERROR    http://xml.zeit.de/2001/22/200122_obasanjo.xml Could not get date_first_released.
2013-06-04 17:30:37,532 ERROR    http://xml.zeit.de/2001/22/200122_unterwaesche_rus.xml Could not get date_first_released.
2013-06-04 17:30:38,112 ERROR    http://xml.zeit.de/2001/22/200122_wie_find_cd.xml Could not get date_first_released.
2013-06-04 17:30:38,371 ERROR    http://xml.zeit.de/2001/22/200122_steinerportraet.xml Could not get date_first_released.
2013-06-04 17:30:38,781 ERROR    http://xml.zeit.de/2001/22/200122_p-jacobeit.xml Could not get date_first_released.
2013-06-04 17:30:39,037 ERROR    http://xml.zeit.de/2001/22/200122_manchester_text.xml Could not get date_first_released.
2013-06-04 17:30:39,106 ERROR    http://xml.zeit.de/2001/22/200122_england_beitext.xml Could not get date_first_released.
2013-06-04 17:30:39,250 ERROR    http://xml.zeit.de/2001/22/200122_l-broch-buch.xml Could not get date_first_released.
2013-06-04 17:30:39,320 ERROR    http://xml.zeit.de/2001/22/200122_c-lehrjahre-john.xml Could not get date_first_released.
2013-06-04 17:30:39,385 ERROR    http://xml.zeit.de/2001/22/200122_wie_find_aufmach.xml Could not get date_first_released.
2013-06-04 17:30:39,508 ERROR    http://xml.zeit.de/2001/22/200122_heidegger.xml Could not get date_first_released.
2013-06-04 17:30:39,783 ERROR    http://xml.zeit.de/2001/22/200122_ka-taschenbuch.xml Could not get date_first_released.
2013-06-04 17:30:40,251 ERROR    http://xml.zeit.de/2001/22/200122_piloten.xml Could not get date_first_released.
2013-06-04 17:30:40,508 ERROR    http://xml.zeit.de/2001/22/200122_microsoft.1.xml Could not get date_first_released.
2013-06-04 17:30:40,594 ERROR    http://xml.zeit.de/2001/22/200122_rosenholz.xml Could not get date_first_released.
2013-06-04 17:30:40,745 ERROR    http://xml.zeit.de/2001/22/zeit5022.xml Could not get date_first_released.
2013-06-04 17:30:41,087 ERROR    http://xml.zeit.de/2001/22/200122_finis.xml Could not get date_first_released.
2013-06-04 17:30:41,451 ERROR    http://xml.zeit.de/2001/22/200122_euro_schwaeche.xml Could not get date_first_released.
2013-06-04 17:30:41,518 ERROR    http://xml.zeit.de/2001/22/200122_schalke.xml Could not get date_first_released.
2013-06-04 17:30:41,636 ERROR    http://xml.zeit.de/2001/22/200122_p-merridale.xml Could not get date_first_released.
2013-06-04 17:30:41,852 ERROR    http://xml.zeit.de/2001/22/200122_spitze.xml Could not get date_first_released.
2013-06-04 17:30:41,941 ERROR    http://xml.zeit.de/2001/22/200122_bob_dylan.xml Could not get date_first_released.
2013-06-04 17:30:42,045 ERROR    http://xml.zeit.de/2001/22/200122_antwerpen.xml Could not get date_first_released.
2013-06-04 17:30:42,115 ERROR    http://xml.zeit.de/2001/22/200122_lehm.xml Could not get date_first_released.
2013-06-04 17:30:42,202 ERROR    http://xml.zeit.de/2001/22/200122_zuwanderung.xml Could not get date_first_released.
2013-06-04 17:30:42,527 ERROR    http://xml.zeit.de/2001/22/200122_wasserstoff.xml Could not get date_first_released.
2013-06-04 17:30:42,849 ERROR    http://xml.zeit.de/2001/22/200122_weltraumvision.xml Could not get date_first_released.
