http://xml.zeit.de/feuilleton/mozart_geschichte/irrtuemer_6
http://xml.zeit.de/feuilleton/mozart_geschichte/irrtuemer_3
http://xml.zeit.de/feuilleton/mozart_geschichte/irrtuemer_5
http://xml.zeit.de/feuilleton/mozart_geschichte/irrtuemer_4
http://xml.zeit.de/feuilleton/mozart_geschichte/irrtuemer_7
http://xml.zeit.de/feuilleton/mozart_geschichte/mozart_gespraech
http://xml.zeit.de/feuilleton/mozart_geschichte/kaiserreich
http://xml.zeit.de/feuilleton/mozart_geschichte/irrtuemer_2
http://xml.zeit.de/feuilleton/mozart_geschichte/irrtuemer_1
http://xml.zeit.de/feuilleton/mozart_geschichte/irrtuemer_8
http://xml.zeit.de/feuilleton/lesetage_ufakino
http://xml.zeit.de/feuilleton/kursbuch_163/jessen
http://xml.zeit.de/feuilleton/kursbuch_163/esterahzy
http://xml.zeit.de/feuilleton/kursbuch_163/nowak
http://xml.zeit.de/feuilleton/kursbuch_163/beepat
http://xml.zeit.de/feuilleton/kultursommer_veranstalter
http://xml.zeit.de/feuilleton/kunst_naechste_generation/tod_1
http://xml.zeit.de/feuilleton/kunst_naechste_generation/tod_einfuehrung
http://xml.zeit.de/feuilleton/kunst_naechste_generation/heimat_2
http://xml.zeit.de/feuilleton/kunst_naechste_generation/heimat_einfuehrung
http://xml.zeit.de/feuilleton/kunst_naechste_generation/raumfahrt_einfuehrung
http://xml.zeit.de/feuilleton/kunst_naechste_generation/raumfahrt_2
http://xml.zeit.de/feuilleton/kunst_naechste_generation/tod_3
http://xml.zeit.de/feuilleton/kunst_naechste_generation/tod_2
http://xml.zeit.de/feuilleton/kunst_naechste_generation/tod_4
http://xml.zeit.de/feuilleton/kunst_naechste_generation/raumfahrt_1
http://xml.zeit.de/feuilleton/kunst_naechste_generation/terror_4
http://xml.zeit.de/feuilleton/kunst_naechste_generation/raumfahrt_3
http://xml.zeit.de/feuilleton/kunst_naechste_generation/heimat_4
http://xml.zeit.de/feuilleton/kunst_naechste_generation/heimat_3
http://xml.zeit.de/feuilleton/kunst_naechste_generation/einfuehrung
http://xml.zeit.de/feuilleton/kunst_naechste_generation/raumfahrt_4
http://xml.zeit.de/feuilleton/kunst_naechste_generation/tiere_1
http://xml.zeit.de/feuilleton/kunst_naechste_generation/tiere_einfuehrung
http://xml.zeit.de/feuilleton/kunst_naechste_generation/tiere_2
http://xml.zeit.de/feuilleton/kunst_naechste_generation/oliterror
http://xml.zeit.de/feuilleton/kunst_naechste_generation/heimat_1
http://xml.zeit.de/feuilleton/lesetage_mklein
http://xml.zeit.de/feuilleton/hamburg
http://xml.zeit.de/feuilleton/lesetage_zsu
http://xml.zeit.de/feuilleton/gegendarstellung
http://xml.zeit.de/feuilleton/krausser_uc
http://xml.zeit.de/feuilleton/kulturbrief/kulturbrief_0347_konzerte
http://xml.zeit.de/feuilleton/kulturbrief/kulturbrief_0348_theater
http://xml.zeit.de/feuilleton/kulturbrief/kulturbrief_0349_neurosen
http://xml.zeit.de/feuilleton/kulturbrief/kulturbrief_3403_3
http://xml.zeit.de/feuilleton/kulturbrief/kulturbrief_4203_theatertage
http://xml.zeit.de/feuilleton/kulturbrief/kulturbrief_4303_tontraeger
http://xml.zeit.de/feuilleton/kulturbrief/kulturbrief_3103_4
http://xml.zeit.de/feuilleton/kulturbrief/kulturbrief_0352_theater
http://xml.zeit.de/feuilleton/kulturbrief/kulturbrief_3703_2
http://xml.zeit.de/feuilleton/kulturbrief/kulturbrief_4303_buechertisch
http://xml.zeit.de/feuilleton/kulturbrief/kulturbrief_4603_theater
http://xml.zeit.de/feuilleton/kulturbrief/kulturbrief_3703_7
http://xml.zeit.de/feuilleton/kulturbrief/kulturbrief270603_theater
http://xml.zeit.de/feuilleton/kulturbrief/kulturbrief_4503_buechertisch
http://xml.zeit.de/feuilleton/kulturbrief/kulturbrief_3003_4
http://xml.zeit.de/feuilleton/kulturbrief/kulturbrief270603_tontraeger2
http://xml.zeit.de/feuilleton/kulturbrief/kulturbrief_3603_6
http://xml.zeit.de/feuilleton/kulturbrief/kulturbrief_4403_tontraeger1
http://xml.zeit.de/feuilleton/kulturbrief/kulturbrief_3103_9
http://xml.zeit.de/feuilleton/kulturbrief/kulturbrief_0351_ausstellungen
http://xml.zeit.de/feuilleton/kulturbrief/kulturbrief_3403_4
http://xml.zeit.de/feuilleton/kulturbrief/kulturbrief_3703_6
http://xml.zeit.de/feuilleton/kulturbrief/kulturbrief_3003_3
http://xml.zeit.de/feuilleton/kulturbrief/kulturbrief_3703_4
http://xml.zeit.de/feuilleton/kulturbrief/kulturbrief_4003_zaimoglu
http://xml.zeit.de/feuilleton/kulturbrief/2004/10/rezension_bukowski
http://xml.zeit.de/feuilleton/kulturbrief/2004/10/rezension_vittulla
http://xml.zeit.de/feuilleton/kulturbrief/2004/10/rezension_murakami
http://xml.zeit.de/feuilleton/kulturbrief/2004/10/tontraeger1
http://xml.zeit.de/feuilleton/kulturbrief/2004/10/rezension_tintenherz
http://xml.zeit.de/feuilleton/kulturbrief/2004/10/rezension_nibelungen
http://xml.zeit.de/feuilleton/kulturbrief/2004/10/konzerte
http://xml.zeit.de/feuilleton/kulturbrief/2004/10/tontraeger2
http://xml.zeit.de/feuilleton/kulturbrief/2004/10/lesungen
http://xml.zeit.de/feuilleton/kulturbrief/2004/10/hoerbuecher
http://xml.zeit.de/feuilleton/kulturbrief/2004/10/theater
http://xml.zeit.de/feuilleton/kulturbrief/2004/10/buechertisch
http://xml.zeit.de/feuilleton/kulturbrief/2004/22/praesentiert
http://xml.zeit.de/feuilleton/kulturbrief/2004/22/anzeige
http://xml.zeit.de/feuilleton/kulturbrief/2004/22/konzerte_test
http://xml.zeit.de/feuilleton/kulturbrief/2004/13/tontraeger1
http://xml.zeit.de/feuilleton/kulturbrief/2004/13/konzerte
http://xml.zeit.de/feuilleton/kulturbrief/2004/13/tontraeger2
http://xml.zeit.de/feuilleton/kulturbrief/2004/13/lesungen
http://xml.zeit.de/feuilleton/kulturbrief/2004/13/theater
http://xml.zeit.de/feuilleton/kulturbrief/2004/13/buechertisch
http://xml.zeit.de/feuilleton/kulturbrief/2004/03/ausstellungen
http://xml.zeit.de/feuilleton/kulturbrief/2004/03/tontraeger1
http://xml.zeit.de/feuilleton/kulturbrief/2004/03/lille
http://xml.zeit.de/feuilleton/kulturbrief/2004/03/konzerte
http://xml.zeit.de/feuilleton/kulturbrief/2004/03/tontraeger2
http://xml.zeit.de/feuilleton/kulturbrief/2004/03/lesungen
http://xml.zeit.de/feuilleton/kulturbrief/2004/03/kant
http://xml.zeit.de/feuilleton/kulturbrief/2004/03/theater
http://xml.zeit.de/feuilleton/kulturbrief/2004/04/tontraeger1
http://xml.zeit.de/feuilleton/kulturbrief/2004/04/konzerte
http://xml.zeit.de/feuilleton/kulturbrief/2004/04/stpauli_theater
http://xml.zeit.de/feuilleton/kulturbrief/2004/04/tontraeger2
http://xml.zeit.de/feuilleton/kulturbrief/2004/04/lesungen
http://xml.zeit.de/feuilleton/kulturbrief/2004/04/theater
http://xml.zeit.de/feuilleton/kulturbrief/2004/04/buechertisch
http://xml.zeit.de/feuilleton/kulturbrief/2004/04/venedig
http://xml.zeit.de/feuilleton/kulturbrief/2004/17/tontraeger1
http://xml.zeit.de/feuilleton/kulturbrief/2004/17/konzerte
http://xml.zeit.de/feuilleton/kulturbrief/2004/17/tontraeger2
http://xml.zeit.de/feuilleton/kulturbrief/2004/17/lesungen
http://xml.zeit.de/feuilleton/kulturbrief/2004/17/theater
http://xml.zeit.de/feuilleton/kulturbrief/2004/17/buechertisch
http://xml.zeit.de/feuilleton/kulturbrief/2004/18/tontraeger1
http://xml.zeit.de/feuilleton/kulturbrief/2004/18/konzerte
http://xml.zeit.de/feuilleton/kulturbrief/2004/18/tontraeger2
http://xml.zeit.de/feuilleton/kulturbrief/2004/18/nlekenrevolution
http://xml.zeit.de/feuilleton/kulturbrief/2004/18/theater
http://xml.zeit.de/feuilleton/kulturbrief/2004/18/buechertisch
http://xml.zeit.de/feuilleton/kulturbrief/2004/19/tontraeger_1
http://xml.zeit.de/feuilleton/kulturbrief/2004/19/selby
http://xml.zeit.de/feuilleton/kulturbrief/2004/19/konzerte
http://xml.zeit.de/feuilleton/kulturbrief/2004/19/premium
http://xml.zeit.de/feuilleton/kulturbrief/2004/19/lesungen
http://xml.zeit.de/feuilleton/kulturbrief/2004/19/tontraeger_2
http://xml.zeit.de/feuilleton/kulturbrief/2004/19/theater
http://xml.zeit.de/feuilleton/kulturbrief/2004/19/buechertisch
http://xml.zeit.de/feuilleton/kulturbrief/2004/19/flick
http://xml.zeit.de/feuilleton/kulturbrief/2004/09/tontraeger1
http://xml.zeit.de/feuilleton/kulturbrief/2004/09/konzerte
http://xml.zeit.de/feuilleton/kulturbrief/2004/09/tontraeger2
http://xml.zeit.de/feuilleton/kulturbrief/2004/09/lesungen
http://xml.zeit.de/feuilleton/kulturbrief/2004/09/theater
http://xml.zeit.de/feuilleton/kulturbrief/2004/09/buechertisch
http://xml.zeit.de/feuilleton/kulturbrief/2004/06/tontraeger1
http://xml.zeit.de/feuilleton/kulturbrief/2004/06/konzerte
http://xml.zeit.de/feuilleton/kulturbrief/2004/06/schum
http://xml.zeit.de/feuilleton/kulturbrief/2004/06/tontraeger2
http://xml.zeit.de/feuilleton/kulturbrief/2004/06/lesungen
http://xml.zeit.de/feuilleton/kulturbrief/2004/06/theater
http://xml.zeit.de/feuilleton/kulturbrief/2004/06/buechertisch
http://xml.zeit.de/feuilleton/kulturbrief/2004/12/barbarella
http://xml.zeit.de/feuilleton/kulturbrief/2004/12/spacenights
http://xml.zeit.de/feuilleton/kulturbrief/2004/12/konzerte
http://xml.zeit.de/feuilleton/kulturbrief/2004/12/lesungen
http://xml.zeit.de/feuilleton/kulturbrief/2004/12/theater
http://xml.zeit.de/feuilleton/kulturbrief/2004/12/buechertisch
http://xml.zeit.de/feuilleton/kulturbrief/2004/14/tontraeger1
http://xml.zeit.de/feuilleton/kulturbrief/2004/14/konzerte
http://xml.zeit.de/feuilleton/kulturbrief/2004/14/tontraeger2
http://xml.zeit.de/feuilleton/kulturbrief/2004/14/lesungen
http://xml.zeit.de/feuilleton/kulturbrief/2004/14/theater
http://xml.zeit.de/feuilleton/kulturbrief/2004/05/tontraeger1
http://xml.zeit.de/feuilleton/kulturbrief/2004/05/konzerte
http://xml.zeit.de/feuilleton/kulturbrief/2004/05/tontraeger2
http://xml.zeit.de/feuilleton/kulturbrief/2004/05/lesungen
http://xml.zeit.de/feuilleton/kulturbrief/2004/05/theater
http://xml.zeit.de/feuilleton/kulturbrief/2004/05/buechertisch
http://xml.zeit.de/feuilleton/kulturbrief/2004/20/tontraeger1
http://xml.zeit.de/feuilleton/kulturbrief/2004/20/konzerte
http://xml.zeit.de/feuilleton/kulturbrief/2004/20/tontraeger2
http://xml.zeit.de/feuilleton/kulturbrief/2004/20/lesungen
http://xml.zeit.de/feuilleton/kulturbrief/2004/20/theater
http://xml.zeit.de/feuilleton/kulturbrief/2004/20/buechertisch
http://xml.zeit.de/feuilleton/kulturbrief/2004/07/tontraeger1
http://xml.zeit.de/feuilleton/kulturbrief/2004/07/konzerte
http://xml.zeit.de/feuilleton/kulturbrief/2004/07/tontraeger2
http://xml.zeit.de/feuilleton/kulturbrief/2004/07/lesungen
http://xml.zeit.de/feuilleton/kulturbrief/2004/07/theater
http://xml.zeit.de/feuilleton/kulturbrief/2004/07/buechertisch
http://xml.zeit.de/feuilleton/kulturbrief/2004/11/tontraeger1
http://xml.zeit.de/feuilleton/kulturbrief/2004/11/poesis.ausstellung
http://xml.zeit.de/feuilleton/kulturbrief/2004/11/konzerte
http://xml.zeit.de/feuilleton/kulturbrief/2004/11/tontraeger2
http://xml.zeit.de/feuilleton/kulturbrief/2004/11/lesungen
http://xml.zeit.de/feuilleton/kulturbrief/2004/11/theater
http://xml.zeit.de/feuilleton/kulturbrief/2004/11/buechertisch
http://xml.zeit.de/feuilleton/kulturbrief/2004/15/tontraeger1
http://xml.zeit.de/feuilleton/kulturbrief/2004/15/soundtrack
http://xml.zeit.de/feuilleton/kulturbrief/2004/15/konzerte
http://xml.zeit.de/feuilleton/kulturbrief/2004/15/tontraeger2
http://xml.zeit.de/feuilleton/kulturbrief/2004/15/lesungen
http://xml.zeit.de/feuilleton/kulturbrief/2004/15/gerichtszeichnerin
http://xml.zeit.de/feuilleton/kulturbrief/2004/15/theater
http://xml.zeit.de/feuilleton/kulturbrief/2004/15/buechertisch
http://xml.zeit.de/feuilleton/kulturbrief/2004/08/volksband
http://xml.zeit.de/feuilleton/kulturbrief/2004/08/tontraeger1
http://xml.zeit.de/feuilleton/kulturbrief/2004/08/konzerte
http://xml.zeit.de/feuilleton/kulturbrief/2004/08/tontraeger2
http://xml.zeit.de/feuilleton/kulturbrief/2004/08/lesungen
http://xml.zeit.de/feuilleton/kulturbrief/2004/08/theater
http://xml.zeit.de/feuilleton/kulturbrief/2004/08/buechertisch
http://xml.zeit.de/feuilleton/kulturbrief/kulturbrief_3703_3
http://xml.zeit.de/feuilleton/kulturbrief/kulturbrief_3403_6
http://xml.zeit.de/feuilleton/kulturbrief/kulturbrief_0349_buechertisch
http://xml.zeit.de/feuilleton/kulturbrief/kulturbrief_4503_festivals
http://xml.zeit.de/feuilleton/kulturbrief/kulturbrief200603_theater
http://xml.zeit.de/feuilleton/kulturbrief/kulturbrief_0348_tontraeger1
http://xml.zeit.de/feuilleton/kulturbrief/kulturbrief_040703_tontraegersteelydan
http://xml.zeit.de/feuilleton/kulturbrief/kulturbrief_4203_tontraeger1
http://xml.zeit.de/feuilleton/kulturbrief/kulturbrief_4603_tontraeger2
http://xml.zeit.de/feuilleton/kulturbrief/kulturbrief_4303_festivals
http://xml.zeit.de/feuilleton/kulturbrief/kulturbrief_0349_konzerte
http://xml.zeit.de/feuilleton/kulturbrief/kulturbrief_4503_theater
http://xml.zeit.de/feuilleton/kulturbrief/kulturbrief_3703_5
http://xml.zeit.de/feuilleton/kulturbrief/kulturbrief_3803_2
http://xml.zeit.de/feuilleton/kulturbrief/kulturbrief_3303_3
http://xml.zeit.de/feuilleton/kulturbrief/kultrubrief_4203_theater
http://xml.zeit.de/feuilleton/kulturbrief/kulturbrief200603_tontraeger2
http://xml.zeit.de/feuilleton/kulturbrief/kulturbrief_0348_kunst1
http://xml.zeit.de/feuilleton/kulturbrief/kulturbrief_0352_buechertisch
http://xml.zeit.de/feuilleton/kulturbrief/kulturbrief_4003_squiban
http://xml.zeit.de/feuilleton/kulturbrief/kulturbrief_3003_7
http://xml.zeit.de/feuilleton/kulturbrief/kulturbrief_2903_4
http://xml.zeit.de/feuilleton/kulturbrief/kulturbrief_4603_lesungen
http://xml.zeit.de/feuilleton/kulturbrief/kulturbrief_3203_6
http://xml.zeit.de/feuilleton/kulturbrief/kulturbrief_0348_buechertisch
http://xml.zeit.de/feuilleton/kulturbrief/kulturbrief_3303_9
http://xml.zeit.de/feuilleton/kulturbrief/kulturbrief_3603_11
http://xml.zeit.de/feuilleton/kulturbrief/kulturbrief270603_buechertisch
http://xml.zeit.de/feuilleton/kulturbrief/kulturbrief200603_tontraeger1
http://xml.zeit.de/feuilleton/kulturbrief/kulturbrief_3403_5
http://xml.zeit.de/feuilleton/kulturbrief/kulturbrief_4203_tontraeger2
http://xml.zeit.de/feuilleton/kulturbrief/kulturbrief_0348_kunst2
http://xml.zeit.de/feuilleton/kulturbrief/kulturbrief_040703_theater
http://xml.zeit.de/feuilleton/kulturbrief/kulturbrief_3103_3
http://xml.zeit.de/feuilleton/kulturbrief/kulturbrief_3603_8
http://xml.zeit.de/feuilleton/kulturbrief/kulturbrief_0351_ChoreografiederGegensaetze
http://xml.zeit.de/feuilleton/kulturbrief/kulturbrief270603_tontraeger1
http://xml.zeit.de/feuilleton/kulturbrief/kulturbrief_0348_lesungen
http://xml.zeit.de/feuilleton/kulturbrief/kulturbrief_3403_8
http://xml.zeit.de/feuilleton/kulturbrief/kulturbrief_4203_festivals
http://xml.zeit.de/feuilleton/kulturbrief/kulturbrief_4003_theater
http://xml.zeit.de/feuilleton/kulturbrief/kulturbrief270603_neon
http://xml.zeit.de/feuilleton/kulturbrief/kulturbrief_4603_buechertisch
http://xml.zeit.de/feuilleton/kulturbrief/kulturbrief_4403_buechertisch
http://xml.zeit.de/feuilleton/kulturbrief/kulturbrief_3303_6
http://xml.zeit.de/feuilleton/kulturbrief/kulturbrief_4303_oedipus
http://xml.zeit.de/feuilleton/kulturbrief/kulturbrief_3203_7
http://xml.zeit.de/feuilleton/kulturbrief/kulturbrief_3503_7
http://xml.zeit.de/feuilleton/kulturbrief/kulturbrief_0349_theater
http://xml.zeit.de/feuilleton/kulturbrief/kulturbrief_3703_10
http://xml.zeit.de/feuilleton/kulturbrief/kulturbrief_3903_ausstellungen
http://xml.zeit.de/feuilleton/kulturbrief/kulturbrief_4003_sinead
http://xml.zeit.de/feuilleton/kulturbrief/kulturbrief200603_konzerte
http://xml.zeit.de/feuilleton/kulturbrief/kulturbrief_3003_5
http://xml.zeit.de/feuilleton/kulturbrief/kulturbrief_4503_hinzkunzt
http://xml.zeit.de/feuilleton/kulturbrief/kulturbrief_3903_konzerte
http://xml.zeit.de/feuilleton/kulturbrief/kulturbrief200603_lesungen
http://xml.zeit.de/feuilleton/kulturbrief/kulturbrief_4303_lesungen
http://xml.zeit.de/feuilleton/kulturbrief/kulturbrief_3403_9
http://xml.zeit.de/feuilleton/kulturbrief/kulturbrief_4003_lesungen
http://xml.zeit.de/feuilleton/kulturbrief/kulturbrief_0351_theater
http://xml.zeit.de/feuilleton/kulturbrief/kulturbrief_4503_tontraeger2
http://xml.zeit.de/feuilleton/kulturbrief/kulturbrief_0347_haertling
http://xml.zeit.de/feuilleton/kulturbrief/kulturbrief_3503_3
http://xml.zeit.de/feuilleton/kulturbrief/kulturbrief_0351_dermoment
http://xml.zeit.de/feuilleton/kulturbrief/kulturbrief_0349_tontraeger2
http://xml.zeit.de/feuilleton/kulturbrief/kulturbrief_4303_theater
http://xml.zeit.de/feuilleton/kulturbrief/kulturbrief_3603_7
http://xml.zeit.de/feuilleton/kulturbrief/kulturbrief270603_lesungen
http://xml.zeit.de/feuilleton/kulturbrief/kulturbrief_3003_9
http://xml.zeit.de/feuilleton/kulturbrief/kulturbrief_0348_tontraeger2
http://xml.zeit.de/feuilleton/kulturbrief/kulturbrief_0349_doenhoff
http://xml.zeit.de/feuilleton/kulturbrief/kulturbrief_0352_tontraeger2
http://xml.zeit.de/feuilleton/kulturbrief/kulturbrief_0350_buechertisch
http://xml.zeit.de/feuilleton/kulturbrief/kulturbrief_3803_4
http://xml.zeit.de/feuilleton/kulturbrief/kulturbrief_3803_10
http://xml.zeit.de/feuilleton/kulturbrief/kulturbrief270603_juliette
http://xml.zeit.de/feuilleton/kulturbrief/kulturbrief_3603_10
http://xml.zeit.de/feuilleton/kulturbrief/kulturbrief_3803_7
http://xml.zeit.de/feuilleton/kulturbrief/kulturbrief_3503_6
http://xml.zeit.de/feuilleton/kulturbrief/kulturbrief_3903_theater
http://xml.zeit.de/feuilleton/kulturbrief/kulturbrief_0352_cominghome
http://xml.zeit.de/feuilleton/kulturbrief/kulturbrief_040703_territories
http://xml.zeit.de/feuilleton/kulturbrief/kulturbrief_4203_konzerte
http://xml.zeit.de/feuilleton/kulturbrief/kulturbrief_3103_6
http://xml.zeit.de/feuilleton/kulturbrief/kulturbrief_0349_lesungen
http://xml.zeit.de/feuilleton/kulturbrief/kulturbrief_3903_tontraeger1
http://xml.zeit.de/feuilleton/kulturbrief/kulturbrief_3403_2
http://xml.zeit.de/feuilleton/kulturbrief/kulturbrief_3603_9
http://xml.zeit.de/feuilleton/kulturbrief/kulturbrief_3503_4
http://xml.zeit.de/feuilleton/kulturbrief/kulturbrief_0348_ausstellungen
http://xml.zeit.de/feuilleton/kulturbrief/kulturbrief_0347_lesungen
http://xml.zeit.de/feuilleton/kulturbrief/kulturbrief_0352_tontraeger1
http://xml.zeit.de/feuilleton/kulturbrief/kulturbrief_2903_8
http://xml.zeit.de/feuilleton/kulturbrief/kulturbrief_4603_konzerte
http://xml.zeit.de/feuilleton/kulturbrief/kulturbrief_4403_lesungen
http://xml.zeit.de/feuilleton/kulturbrief/kulturbrief_3503_9
http://xml.zeit.de/feuilleton/kulturbrief/kulturbrief_4403_theater
http://xml.zeit.de/feuilleton/kulturbrief/kulturbrief_4003_festivals
http://xml.zeit.de/feuilleton/kulturbrief/kulturbrief_3303_4
http://xml.zeit.de/feuilleton/kulturbrief/kulturbrief_0351_konzerte
http://xml.zeit.de/feuilleton/kulturbrief/kulturbrief_3903_lesungen
http://xml.zeit.de/feuilleton/kulturbrief/kulturbrief_2903_2
http://xml.zeit.de/feuilleton/kulturbrief/kulturbrief270603_konzerte
http://xml.zeit.de/feuilleton/kulturbrief/kulturbrief_2903_5
http://xml.zeit.de/feuilleton/kulturbrief/kulturbrief_3203_3
http://xml.zeit.de/feuilleton/kulturbrief/kulturbrief_3503_5
http://xml.zeit.de/feuilleton/kulturbrief/kulturbrief_4603_tontraeger1
http://xml.zeit.de/feuilleton/kulturbrief/kulturbrief_0351_lesungen
http://xml.zeit.de/feuilleton/kulturbrief/kulturbrief_0349_tontraeger1
http://xml.zeit.de/feuilleton/kulturbrief/kulturbrief_0349_ausstellungen
http://xml.zeit.de/feuilleton/kulturbrief/kulturbrief_0348_konzerte
http://xml.zeit.de/feuilleton/kulturbrief/kulturbrief_2903_10
http://xml.zeit.de/feuilleton/kulturbrief/kulturbrief_4203_lesungen
http://xml.zeit.de/feuilleton/kulturbrief/kulturbrief_0352_literatur
http://xml.zeit.de/feuilleton/kulturbrief/kulturbrief_0342_bohlen
http://xml.zeit.de/feuilleton/kulturbrief/kulturbrief_4003_mexiko
http://xml.zeit.de/feuilleton/kulturbrief/kulturbrief_4403_tontraeger2
http://xml.zeit.de/feuilleton/kulturbrief/kulturbrief_3003_6
http://xml.zeit.de/feuilleton/kulturbrief/kulturbrief_4403_festivals
http://xml.zeit.de/feuilleton/kulturbrief/kulturbrief_3803_6
http://xml.zeit.de/feuilleton/kulturbrief/kulturbrief_3303_2
http://xml.zeit.de/feuilleton/kulturbrief/kulturbrief_040703_buechertisch
http://xml.zeit.de/feuilleton/kulturbrief/kulturbrief_2903_6
http://xml.zeit.de/feuilleton/kulturbrief/kulturbrief_3603_5
http://xml.zeit.de/feuilleton/kulturbrief/kulturbrief_0352_konzerte
http://xml.zeit.de/feuilleton/kulturbrief/kulturbrief_0347_theater
http://xml.zeit.de/feuilleton/kulturbrief/kulturbrief_4503_lesungen
http://xml.zeit.de/feuilleton/kulturbrief/kulturbrief_3303_5
http://xml.zeit.de/feuilleton/kulturbrief/kulturbrief_040703_tontraegermitropoulos
http://xml.zeit.de/feuilleton/kulturbrief/kulturbrief_3703_8
http://xml.zeit.de/feuilleton/kulturbrief/kulturbrief_3903_tontraeger2
http://xml.zeit.de/feuilleton/kulturbrief/kulturbrief_3903_denkmal
http://xml.zeit.de/feuilleton/kulturbrief/kulturbrief_3903_festivals
http://xml.zeit.de/feuilleton/kulturbrief/kulturbrief_3803_9
http://xml.zeit.de/feuilleton/kulturbrief/kulturbrief_0347_tontraeger
http://xml.zeit.de/feuilleton/kulturbrief/kulturbrief_4503_konzerte
http://xml.zeit.de/feuilleton/kulturbrief/kulturbrief_3103_7
http://xml.zeit.de/feuilleton/kulturbrief/kulturbrief_040703_lesungen
http://xml.zeit.de/feuilleton/kulturbrief/kulturbrief_3903_imbiss
http://xml.zeit.de/feuilleton/kulturbrief/kulturbrief_4003_konzerte
http://xml.zeit.de/feuilleton/kulturbrief/kulturbrief_4303_konzerte
http://xml.zeit.de/feuilleton/kulturbrief/kulturbrief_3903_buechertisch
http://xml.zeit.de/feuilleton/kulturbrief/kulturbrief_4403_konzerte
http://xml.zeit.de/feuilleton/kulturbrief/kulturbrief_4503_tontraeger1
http://xml.zeit.de/feuilleton/kulturbrief/kulturbrief_3703_9
http://xml.zeit.de/feuilleton/kulturbrief/kulturbrief_3103_5
http://xml.zeit.de/feuilleton/kulturbrief/kulturbrief_3203_9
http://xml.zeit.de/feuilleton/kulturbrief/kulturbrief_0351_TanzderVampire
http://xml.zeit.de/feuilleton/kulturbrief/kulturbrief_3203_5
http://xml.zeit.de/feuilleton/kulturbrief/kulturbrief_3303_7
http://xml.zeit.de/feuilleton/kulturbrief/kulturbrief_3203_2
http://xml.zeit.de/feuilleton/kursbuch_162/6_stuetzle
http://xml.zeit.de/feuilleton/kursbuch_162/1_heinsohn
http://xml.zeit.de/feuilleton/kursbuch_162/2_wallendorf
http://xml.zeit.de/feuilleton/kursbuch_162/4_dahn
http://xml.zeit.de/feuilleton/kursbuch_162/3_ladurner
http://xml.zeit.de/feuilleton/kursbuch_162/5_brunold
http://xml.zeit.de/feuilleton/fotogalerie/ausstellungen
http://xml.zeit.de/feuilleton/fotogalerie/links_orga
http://xml.zeit.de/feuilleton/fotogalerie/links_fh_unis
http://xml.zeit.de/feuilleton/fotogalerie/links_awards
http://xml.zeit.de/feuilleton/fotogalerie/odilehain/lebensabend_2
http://xml.zeit.de/feuilleton/fotogalerie/odilehain/lebensabend_4
http://xml.zeit.de/feuilleton/fotogalerie/odilehain/lebensabend_14
http://xml.zeit.de/feuilleton/fotogalerie/odilehain/lebensabend_13
http://xml.zeit.de/feuilleton/fotogalerie/odilehain/lebensabend_6
http://xml.zeit.de/feuilleton/fotogalerie/odilehain/lebensabend_3
http://xml.zeit.de/feuilleton/fotogalerie/odilehain/lebensabend_5
http://xml.zeit.de/feuilleton/fotogalerie/odilehain/lebensabend_7
http://xml.zeit.de/feuilleton/fotogalerie/odilehain/lebensabend_8
http://xml.zeit.de/feuilleton/fotogalerie/odilehain/lebensabend_portraets
http://xml.zeit.de/feuilleton/fotogalerie/odilehain/lebensabend_9
http://xml.zeit.de/feuilleton/fotogalerie/odilehain/lebensabend_1
http://xml.zeit.de/feuilleton/fotogalerie/odilehain/lebensabend_11
http://xml.zeit.de/feuilleton/fotogalerie/odilehain/lebensabend_10
http://xml.zeit.de/feuilleton/fotogalerie/odilehain/lebensabend_12
http://xml.zeit.de/bildung/pisa_index
http://xml.zeit.de/specials/puzzle
