http://xml.zeit.de/digital/internet/2009-08/internet-knigge
http://xml.zeit.de/feuilleton/kunst/bildergalerie-landart
http://xml.zeit.de/feuilleton/kursbuch_166/meyer
http://xml.zeit.de/feuilleton/kursbuch_166/prantl
http://xml.zeit.de/feuilleton/kursbuch_166/hofmann
http://xml.zeit.de/feuilleton/kursbuch_166/naumann
http://xml.zeit.de/feuilleton/kursbuch_166/hall
http://xml.zeit.de/feuilleton/kursbuch_166/assheuer
http://xml.zeit.de/feuilleton/kunst_naechste_generation/terror_2
http://xml.zeit.de/feuilleton/kunst_naechste_generation/leere_2
http://xml.zeit.de/feuilleton/kunst_naechste_generation/liebe_4
http://xml.zeit.de/feuilleton/kunst_naechste_generation/liebe_3
http://xml.zeit.de/feuilleton/kunst_naechste_generation/leere_einfuehrung
http://xml.zeit.de/feuilleton/kunst_naechste_generation/liebe_2
http://xml.zeit.de/feuilleton/kunst_naechste_generation/liebe_2_galerie
http://xml.zeit.de/feuilleton/kunst_naechste_generation/marken_4
http://xml.zeit.de/feuilleton/kunst_naechste_generation/leere_3
http://xml.zeit.de/feuilleton/kunst_naechste_generation/leere-disco
http://xml.zeit.de/feuilleton/kunst_naechste_generation/terror_1
http://xml.zeit.de/feuilleton/interview_strauss
http://xml.zeit.de/feuilleton/kulturbrief/kulturbrief200603_inhalt
http://xml.zeit.de/feuilleton/kulturbrief/kulturbrief_0350_lesungen
http://xml.zeit.de/feuilleton/kulturbrief/2007/03/ausstellung
http://xml.zeit.de/feuilleton/kulturbrief/2007/01/ausstellung
http://xml.zeit.de/feuilleton/kulturbrief/2007/02/ausstellung
http://xml.zeit.de/feuilleton/kulturbrief/2004/22/ausstellungen
http://xml.zeit.de/feuilleton/kulturbrief/2004/22/konzerte
http://xml.zeit.de/feuilleton/kulturbrief/2004/22/lesungen
http://xml.zeit.de/feuilleton/kulturbrief/2004/22/theater
http://xml.zeit.de/feuilleton/kulturbrief/2004/29/ausstellungen
http://xml.zeit.de/feuilleton/kulturbrief/2004/29/praesentiert
http://xml.zeit.de/feuilleton/kulturbrief/2004/29/anzeige
http://xml.zeit.de/feuilleton/kulturbrief/2004/29/konzerte
http://xml.zeit.de/feuilleton/kulturbrief/2004/29/lesungen
http://xml.zeit.de/feuilleton/kulturbrief/2004/29/theater
http://xml.zeit.de/feuilleton/kulturbrief/2004/38/ausstellungen
http://xml.zeit.de/feuilleton/kulturbrief/2004/38/praesentiert
http://xml.zeit.de/feuilleton/kulturbrief/2004/38/anzeige
http://xml.zeit.de/feuilleton/kulturbrief/2004/38/konzerte
http://xml.zeit.de/feuilleton/kulturbrief/2004/38/lesungen
http://xml.zeit.de/feuilleton/kulturbrief/2004/38/theater
http://xml.zeit.de/feuilleton/kulturbrief/2004/34/ausstellungen
http://xml.zeit.de/feuilleton/kulturbrief/2004/34/praesentiert
http://xml.zeit.de/feuilleton/kulturbrief/2004/34/anzeige
http://xml.zeit.de/feuilleton/kulturbrief/2004/34/konzerte
http://xml.zeit.de/feuilleton/kulturbrief/2004/34/lesungen
http://xml.zeit.de/feuilleton/kulturbrief/2004/34/theater
http://xml.zeit.de/feuilleton/kulturbrief/2004/47/ausstellungen
http://xml.zeit.de/feuilleton/kulturbrief/2004/47/praesentiert
http://xml.zeit.de/feuilleton/kulturbrief/2004/47/anzeige
http://xml.zeit.de/feuilleton/kulturbrief/2004/47/konzerte
http://xml.zeit.de/feuilleton/kulturbrief/2004/47/lesungen
http://xml.zeit.de/feuilleton/kulturbrief/2004/47/theater
http://xml.zeit.de/feuilleton/kulturbrief/2004/42/ausstellungen
http://xml.zeit.de/feuilleton/kulturbrief/2004/42/praesentiert
http://xml.zeit.de/feuilleton/kulturbrief/2004/42/anzeige
http://xml.zeit.de/feuilleton/kulturbrief/2004/42/konzerte
http://xml.zeit.de/feuilleton/kulturbrief/2004/42/lesungen
http://xml.zeit.de/feuilleton/kulturbrief/2004/42/theater
http://xml.zeit.de/feuilleton/kulturbrief/2004/51/praesentiert
http://xml.zeit.de/feuilleton/kulturbrief/2004/51/konzerte
http://xml.zeit.de/feuilleton/kulturbrief/2004/51/lesungen
http://xml.zeit.de/feuilleton/kulturbrief/2004/51/theater
http://xml.zeit.de/feuilleton/kulturbrief/kulturbrief_0350_ausstellungen
http://xml.zeit.de/feuilleton/kulturbrief/kulturbrief_4303_russland
http://xml.zeit.de/feuilleton/kulturbrief/2006/10/ausstellung
http://xml.zeit.de/feuilleton/kulturbrief/2006/09/ausstellung
http://xml.zeit.de/feuilleton/kulturbrief/2006/12/ausstellung
http://xml.zeit.de/feuilleton/kulturbrief/2006/11/ausstellung
http://xml.zeit.de/feuilleton/kulturbrief/2006/08/ausstellung
http://xml.zeit.de/feuilleton/kulturbrief/kulturbrief_0350_konzerte
http://xml.zeit.de/feuilleton/kulturbrief/kulturbrief_0350_tontraeger2
http://xml.zeit.de/feuilleton/kulturbrief/kulturbrief_0350_beutekunst
http://xml.zeit.de/feuilleton/kulturbrief/kulturbrief_0350_tontraeger1
http://xml.zeit.de/feuilleton/kulturbrief/kulturbrief_0350_theater
http://xml.zeit.de/feuilleton/Kursbuch_164/urbauer
http://xml.zeit.de/feuilleton/Kursbuch_164/steinfeld
http://xml.zeit.de/feuilleton/Kursbuch_164/flessner
http://xml.zeit.de/feuilleton/Kursbuch_164/reuter
http://xml.zeit.de/feuilleton/lesetage_kurth
http://xml.zeit.de/feuilleton/kursbuch_165/wallendorf
http://xml.zeit.de/feuilleton/kursbuch_165/welzk
http://xml.zeit.de/feuilleton/kursbuch_165/hillenkamp
http://xml.zeit.de/feuilleton/fotogalerie/links_museengalerien
http://xml.zeit.de/specials/Chile/internet
http://xml.zeit.de/specials/Chile/kueche
http://xml.zeit.de/specials/Chile/osterinseln
http://xml.zeit.de/specials/Chile/studieren
http://xml.zeit.de/specials/Chile/interview
http://xml.zeit.de/specials/Chile/mausklick
http://xml.zeit.de/specials/Chile/natur
http://xml.zeit.de/specials/Chile/siemens
http://xml.zeit.de/specials/Chile/filmland
http://xml.zeit.de/specials/Chile/küche
